# JRE version: Java(TM) SE Runtime Environment (8.0_172-b11) (build 1.8.0_172-b11)
# Java VM: Java HotSpot(TM) 64-Bit Server VM (25.172-b11 mixed mode windows-amd64 compressed oops)
Heap:
 PSYoungGen      total 30720K, used 23276K [0x00000000d5580000, 0x00000000d7a80000, 0x0000000100000000)
  eden space 28672K, 74% used [0x00000000d5580000,0x00000000d6a47ab0,0x00000000d7180000)
  from space 2048K, 97% used [0x00000000d7880000,0x00000000d7a73560,0x00000000d7a80000)
  to   space 3584K, 0% used [0x00000000d7380000,0x00000000d7380000,0x00000000d7700000)
 ParOldGen       total 20992K, used 8346K [0x0000000080000000, 0x0000000081480000, 0x00000000d5580000)
  object space 20992K, 39% used [0x0000000080000000,0x00000000808269f8,0x0000000081480000)
 Metaspace       used 24903K, capacity 25264K, committed 25392K, reserved 1071104K
  class space    used 3432K, capacity 3561K, committed 3632K, reserved 1048576K
GC Heap History (10 events):
Event: 26.744 GC heap before
{Heap before GC invocations=11 (full 0):
 PSYoungGen      total 15872K, used 13886K [0x00000000d5580000, 0x00000000d6880000, 0x0000000100000000)
  eden space 12288K, 100% used [0x00000000d5580000,0x00000000d6180000,0x00000000d6180000)
  from space 3584K, 44% used [0x00000000d6500000,0x00000000d668f9c8,0x00000000d6880000)
  to   space 3584K, 0% used [0x00000000d6180000,0x00000000d6180000,0x00000000d6500000)
 ParOldGen       total 22016K, used 6526K [0x0000000080000000, 0x0000000081580000, 0x00000000d5580000)
  object space 22016K, 29% used [0x0000000080000000,0x000000008065faa0,0x0000000081580000)
 Metaspace       used 15639K, capacity 15998K, committed 16256K, reserved 1062912K
  class space    used 2258K, capacity 2373K, committed 2432K, reserved 1048576K
Event: 26.753 GC heap after
Heap after GC invocations=11 (full 0):
 PSYoungGen      total 15872K, used 2039K [0x00000000d5580000, 0x00000000d6f00000, 0x0000000100000000)
  eden space 12288K, 0% used [0x00000000d5580000,0x00000000d5580000,0x00000000d6180000)
  from space 3584K, 56% used [0x00000000d6180000,0x00000000d637dfc8,0x00000000d6500000)
  to   space 3072K, 0% used [0x00000000d6c00000,0x00000000d6c00000,0x00000000d6f00000)
 ParOldGen       total 22016K, used 6896K [0x0000000080000000, 0x0000000081580000, 0x00000000d5580000)
  object space 22016K, 31% used [0x0000000080000000,0x00000000806bc140,0x0000000081580000)
 Metaspace       used 15639K, capacity 15998K, committed 16256K, reserved 1062912K
  class space    used 2258K, capacity 2373K, committed 2432K, reserved 1048576K
}
Event: 28.406 GC heap before
{Heap before GC invocations=12 (full 0):
 PSYoungGen      total 15872K, used 14327K [0x00000000d5580000, 0x00000000d6f00000, 0x0000000100000000)
  eden space 12288K, 100% used [0x00000000d5580000,0x00000000d6180000,0x00000000d6180000)
  from space 3584K, 56% used [0x00000000d6180000,0x00000000d637dfc8,0x00000000d6500000)
  to   space 3072K, 0% used [0x00000000d6c00000,0x00000000d6c00000,0x00000000d6f00000)
 ParOldGen       total 22016K, used 6896K [0x0000000080000000, 0x0000000081580000, 0x00000000d5580000)
  object space 22016K, 31% used [0x0000000080000000,0x00000000806bc140,0x0000000081580000)
 Metaspace       used 17313K, capacity 17732K, committed 17792K, reserved 1064960K
  class space    used 2500K, capacity 2630K, committed 2688K, reserved 1048576K
Event: 28.425 GC heap after
Heap after GC invocations=12 (full 0):
 PSYoungGen      total 23040K, used 2159K [0x00000000d5580000, 0x00000000d6f00000, 0x0000000100000000)
  eden space 19968K, 0% used [0x00000000d5580000,0x00000000d5580000,0x00000000d6900000)
  from space 3072K, 70% used [0x00000000d6c00000,0x00000000d6e1bc00,0x00000000d6f00000)
  to   space 3072K, 0% used [0x00000000d6900000,0x00000000d6900000,0x00000000d6c00000)
 ParOldGen       total 22016K, used 7503K [0x0000000080000000, 0x0000000081580000, 0x00000000d5580000)
  object space 22016K, 34% used [0x0000000080000000,0x0000000080753fd0,0x0000000081580000)
 Metaspace       used 17313K, capacity 17732K, committed 17792K, reserved 1064960K
  class space    used 2500K, capacity 2630K, committed 2688K, reserved 1048576K
}
Event: 30.615 GC heap before
{Heap before GC invocations=13 (full 0):
 PSYoungGen      total 23040K, used 16993K [0x00000000d5580000, 0x00000000d6f00000, 0x0000000100000000)
  eden space 19968K, 74% used [0x00000000d5580000,0x00000000d63fc858,0x00000000d6900000)
  from space 3072K, 70% used [0x00000000d6c00000,0x00000000d6e1bc00,0x00000000d6f00000)
  to   space 3072K, 0% used [0x00000000d6900000,0x00000000d6900000,0x00000000d6c00000)
 ParOldGen       total 22016K, used 7503K [0x0000000080000000, 0x0000000081580000, 0x00000000d5580000)
  object space 22016K, 34% used [0x0000000080000000,0x0000000080753fd0,0x0000000081580000)
 Metaspace       used 20865K, capacity 21194K, committed 21296K, reserved 1067008K
  class space    used 2934K, capacity 3080K, committed 3120K, reserved 1048576K
Event: 30.627 GC heap after
Heap after GC invocations=13 (full 0):
 PSYoungGen      total 23040K, used 2897K [0x00000000d5580000, 0x00000000d7c00000, 0x0000000100000000)
  eden space 19968K, 0% used [0x00000000d5580000,0x00000000d5580000,0x00000000d6900000)
  from space 3072K, 94% used [0x00000000d6900000,0x00000000d6bd4640,0x00000000d6c00000)
  to   space 3584K, 0% used [0x00000000d7880000,0x00000000d7880000,0x00000000d7c00000)
 ParOldGen       total 22016K, used 8351K [0x0000000080000000, 0x0000000081580000, 0x00000000d5580000)
  object space 22016K, 37% used [0x0000000080000000,0x0000000080827fe0,0x0000000081580000)
 Metaspace       used 20865K, capacity 21194K, committed 21296K, reserved 1067008K
  class space    used 2934K, capacity 3080K, committed 3120K, reserved 1048576K
}
Event: 30.627 GC heap before
{Heap before GC invocations=14 (full 1):
 PSYoungGen      total 23040K, used 2897K [0x00000000d5580000, 0x00000000d7c00000, 0x0000000100000000)
  eden space 19968K, 0% used [0x00000000d5580000,0x00000000d5580000,0x00000000d6900000)
  from space 3072K, 94% used [0x00000000d6900000,0x00000000d6bd4640,0x00000000d6c00000)
  to   space 3584K, 0% used [0x00000000d7880000,0x00000000d7880000,0x00000000d7c00000)
 ParOldGen       total 22016K, used 8351K [0x0000000080000000, 0x0000000081580000, 0x00000000d5580000)
  object space 22016K, 37% used [0x0000000080000000,0x0000000080827fe0,0x0000000081580000)
 Metaspace       used 20865K, capacity 21194K, committed 21296K, reserved 1067008K
  class space    used 2934K, capacity 3080K, committed 3120K, reserved 1048576K
Event: 30.766 GC heap after
Heap after GC invocations=14 (full 1):
 PSYoungGen      total 23040K, used 0K [0x00000000d5580000, 0x00000000d7c00000, 0x0000000100000000)
  eden space 19968K, 0% used [0x00000000d5580000,0x00000000d5580000,0x00000000d6900000)
  from space 3072K, 0% used [0x00000000d6900000,0x00000000d6900000,0x00000000d6c00000)
  to   space 3584K, 0% used [0x00000000d7880000,0x00000000d7880000,0x00000000d7c00000)
 ParOldGen       total 20992K, used 8346K [0x0000000080000000, 0x0000000081480000, 0x00000000d5580000)
  object space 20992K, 39% used [0x0000000080000000,0x00000000808269f8,0x0000000081480000)
 Metaspace       used 20865K, capacity 21194K, committed 21296K, reserved 1067008K
  class space    used 2934K, capacity 3080K, committed 3120K, reserved 1048576K
}
Event: 32.230 GC heap before
{Heap before GC invocations=15 (full 1):
 PSYoungGen      total 23040K, used 19968K [0x00000000d5580000, 0x00000000d7c00000, 0x0000000100000000)
  eden space 19968K, 100% used [0x00000000d5580000,0x00000000d6900000,0x00000000d6900000)
  from space 3072K, 0% used [0x00000000d6900000,0x00000000d6900000,0x00000000d6c00000)
  to   space 3584K, 0% used [0x00000000d7880000,0x00000000d7880000,0x00000000d7c00000)
 ParOldGen       total 20992K, used 8346K [0x0000000080000000, 0x0000000081480000, 0x00000000d5580000)
  object space 20992K, 39% used [0x0000000080000000,0x00000000808269f8,0x0000000081480000)
 Metaspace       used 22604K, capacity 22960K, committed 23216K, reserved 1069056K
  class space    used 3113K, capacity 3241K, committed 3248K, reserved 1048576K
Event: 32.242 GC heap after
Heap after GC invocations=15 (full 1):
 PSYoungGen      total 30720K, used 1997K [0x00000000d5580000, 0x00000000d7a80000, 0x0000000100000000)
  eden space 28672K, 0% used [0x00000000d5580000,0x00000000d5580000,0x00000000d7180000)
  from space 2048K, 97% used [0x00000000d7880000,0x00000000d7a73560,0x00000000d7a80000)
  to   space 3584K, 0% used [0x00000000d7380000,0x00000000d7380000,0x00000000d7700000)
 ParOldGen       total 20992K, used 8346K [0x0000000080000000, 0x0000000081480000, 0x00000000d5580000)
  object space 20992K, 39% used [0x0000000080000000,0x00000000808269f8,0x0000000081480000)
 Metaspace       used 22604K, capacity 22960K, committed 23216K, reserved 1069056K
  class space    used 3113K, capacity 3241K, committed 3248K, reserved 1048576K
}

