# JRE version: Java(TM) SE Runtime Environment (8.0_172-b11) (build 1.8.0_172-b11)
# Java VM: Java HotSpot(TM) 64-Bit Server VM (25.172-b11 mixed mode windows-amd64 compressed oops)
Heap:
 PSYoungGen      total 15872K, used 13747K [0x00000000d5580000, 0x00000000d6f00000, 0x0000000100000000)
  eden space 12288K, 95% used [0x00000000d5580000,0x00000000d60fed20,0x00000000d6180000)
  from space 3584K, 55% used [0x00000000d6180000,0x00000000d636dfc8,0x00000000d6500000)
  to   space 3072K, 0% used [0x00000000d6c00000,0x00000000d6c00000,0x00000000d6f00000)
 ParOldGen       total 22016K, used 6999K [0x0000000080000000, 0x0000000081580000, 0x00000000d5580000)
  object space 22016K, 31% used [0x0000000080000000,0x00000000806d5da0,0x0000000081580000)
 Metaspace       used 17251K, capacity 17664K, committed 17792K, reserved 1064960K
  class space    used 2492K, capacity 2630K, committed 2688K, reserved 1048576K
GC Heap History (10 events):
Event: 24.427 GC heap before
{Heap before GC invocations=7 (full 0):
 PSYoungGen      total 10752K, used 10720K [0x00000000d5580000, 0x00000000d6400000, 0x0000000100000000)
  eden space 8192K, 100% used [0x00000000d5580000,0x00000000d5d80000,0x00000000d5d80000)
  from space 2560K, 98% used [0x00000000d6080000,0x00000000d62f8020,0x00000000d6300000)
  to   space 3072K, 0% used [0x00000000d5d80000,0x00000000d5d80000,0x00000000d6080000)
 ParOldGen       total 22016K, used 4075K [0x0000000080000000, 0x0000000081580000, 0x00000000d5580000)
  object space 22016K, 18% used [0x0000000080000000,0x00000000803fad38,0x0000000081580000)
 Metaspace       used 12023K, capacity 12386K, committed 12544K, reserved 1060864K
  class space    used 1618K, capacity 1723K, committed 1792K, reserved 1048576K
Event: 24.437 GC heap after
Heap after GC invocations=7 (full 0):
 PSYoungGen      total 11264K, used 2569K [0x00000000d5580000, 0x00000000d6380000, 0x0000000100000000)
  eden space 8192K, 0% used [0x00000000d5580000,0x00000000d5580000,0x00000000d5d80000)
  from space 3072K, 83% used [0x00000000d5d80000,0x00000000d6002418,0x00000000d6080000)
  to   space 3072K, 0% used [0x00000000d6080000,0x00000000d6080000,0x00000000d6380000)
 ParOldGen       total 22016K, used 4619K [0x0000000080000000, 0x0000000081580000, 0x00000000d5580000)
  object space 22016K, 20% used [0x0000000080000000,0x0000000080482d38,0x0000000081580000)
 Metaspace       used 12023K, capacity 12386K, committed 12544K, reserved 1060864K
  class space    used 1618K, capacity 1723K, committed 1792K, reserved 1048576K
}
Event: 24.891 GC heap before
{Heap before GC invocations=8 (full 0):
 PSYoungGen      total 11264K, used 10761K [0x00000000d5580000, 0x00000000d6380000, 0x0000000100000000)
  eden space 8192K, 100% used [0x00000000d5580000,0x00000000d5d80000,0x00000000d5d80000)
  from space 3072K, 83% used [0x00000000d5d80000,0x00000000d6002418,0x00000000d6080000)
  to   space 3072K, 0% used [0x00000000d6080000,0x00000000d6080000,0x00000000d6380000)
 ParOldGen       total 22016K, used 4619K [0x0000000080000000, 0x0000000081580000, 0x00000000d5580000)
  object space 22016K, 20% used [0x0000000080000000,0x0000000080482d38,0x0000000081580000)
 Metaspace       used 12760K, capacity 13144K, committed 13184K, reserved 1060864K
  class space    used 1776K, capacity 1892K, committed 1920K, reserved 1048576K
Event: 24.899 GC heap after
Heap after GC invocations=8 (full 0):
 PSYoungGen      total 10752K, used 2605K [0x00000000d5580000, 0x00000000d6480000, 0x0000000100000000)
  eden space 7680K, 0% used [0x00000000d5580000,0x00000000d5580000,0x00000000d5d00000)
  from space 3072K, 84% used [0x00000000d6080000,0x00000000d630b550,0x00000000d6380000)
  to   space 3584K, 0% used [0x00000000d5d00000,0x00000000d5d00000,0x00000000d6080000)
 ParOldGen       total 22016K, used 4844K [0x0000000080000000, 0x0000000081580000, 0x00000000d5580000)
  object space 22016K, 22% used [0x0000000080000000,0x00000000804bb2d0,0x0000000081580000)
 Metaspace       used 12760K, capacity 13144K, committed 13184K, reserved 1060864K
  class space    used 1776K, capacity 1892K, committed 1920K, reserved 1048576K
}
Event: 25.187 GC heap before
{Heap before GC invocations=9 (full 0):
 PSYoungGen      total 10752K, used 10285K [0x00000000d5580000, 0x00000000d6480000, 0x0000000100000000)
  eden space 7680K, 100% used [0x00000000d5580000,0x00000000d5d00000,0x00000000d5d00000)
  from space 3072K, 84% used [0x00000000d6080000,0x00000000d630b550,0x00000000d6380000)
  to   space 3584K, 0% used [0x00000000d5d00000,0x00000000d5d00000,0x00000000d6080000)
 ParOldGen       total 22016K, used 4844K [0x0000000080000000, 0x0000000081580000, 0x00000000d5580000)
  object space 22016K, 22% used [0x0000000080000000,0x00000000804bb2d0,0x0000000081580000)
 Metaspace       used 13121K, capacity 13562K, committed 13824K, reserved 1060864K
  class space    used 1848K, capacity 1989K, committed 2048K, reserved 1048576K
Event: 25.194 GC heap after
Heap after GC invocations=9 (full 0):
 PSYoungGen      total 11264K, used 1701K [0x00000000d5580000, 0x00000000d6880000, 0x0000000100000000)
  eden space 7680K, 0% used [0x00000000d5580000,0x00000000d5580000,0x00000000d5d00000)
  from space 3584K, 47% used [0x00000000d5d00000,0x00000000d5ea9568,0x00000000d6080000)
  to   space 3584K, 0% used [0x00000000d6500000,0x00000000d6500000,0x00000000d6880000)
 ParOldGen       total 22016K, used 5620K [0x0000000080000000, 0x0000000081580000, 0x00000000d5580000)
  object space 22016K, 25% used [0x0000000080000000,0x000000008057d330,0x0000000081580000)
 Metaspace       used 13121K, capacity 13562K, committed 13824K, reserved 1060864K
  class space    used 1848K, capacity 1989K, committed 2048K, reserved 1048576K
}
Event: 25.770 GC heap before
{Heap before GC invocations=10 (full 0):
 PSYoungGen      total 11264K, used 9381K [0x00000000d5580000, 0x00000000d6880000, 0x0000000100000000)
  eden space 7680K, 100% used [0x00000000d5580000,0x00000000d5d00000,0x00000000d5d00000)
  from space 3584K, 47% used [0x00000000d5d00000,0x00000000d5ea9568,0x00000000d6080000)
  to   space 3584K, 0% used [0x00000000d6500000,0x00000000d6500000,0x00000000d6880000)
 ParOldGen       total 22016K, used 5620K [0x0000000080000000, 0x0000000081580000, 0x00000000d5580000)
  object space 22016K, 25% used [0x0000000080000000,0x000000008057d330,0x0000000081580000)
 Metaspace       used 14269K, capacity 14650K, committed 14848K, reserved 1062912K
  class space    used 2039K, capacity 2181K, committed 2304K, reserved 1048576K
Event: 25.780 GC heap after
Heap after GC invocations=10 (full 0):
 PSYoungGen      total 15872K, used 1574K [0x00000000d5580000, 0x00000000d6880000, 0x0000000100000000)
  eden space 12288K, 0% used [0x00000000d5580000,0x00000000d5580000,0x00000000d6180000)
  from space 3584K, 43% used [0x00000000d6500000,0x00000000d6689ab8,0x00000000d6880000)
  to   space 3584K, 0% used [0x00000000d6180000,0x00000000d6180000,0x00000000d6500000)
 ParOldGen       total 22016K, used 6621K [0x0000000080000000, 0x0000000081580000, 0x00000000d5580000)
  object space 22016K, 30% used [0x0000000080000000,0x0000000080677700,0x0000000081580000)
 Metaspace       used 14269K, capacity 14650K, committed 14848K, reserved 1062912K
  class space    used 2039K, capacity 2181K, committed 2304K, reserved 1048576K
}
Event: 26.713 GC heap before
{Heap before GC invocations=11 (full 0):
 PSYoungGen      total 15872K, used 13862K [0x00000000d5580000, 0x00000000d6880000, 0x0000000100000000)
  eden space 12288K, 100% used [0x00000000d5580000,0x00000000d6180000,0x00000000d6180000)
  from space 3584K, 43% used [0x00000000d6500000,0x00000000d6689ab8,0x00000000d6880000)
  to   space 3584K, 0% used [0x00000000d6180000,0x00000000d6180000,0x00000000d6500000)
 ParOldGen       total 22016K, used 6621K [0x0000000080000000, 0x0000000081580000, 0x00000000d5580000)
  object space 22016K, 30% used [0x0000000080000000,0x0000000080677700,0x0000000081580000)
 Metaspace       used 15667K, capacity 16058K, committed 16256K, reserved 1062912K
  class space    used 2261K, capacity 2373K, committed 2432K, reserved 1048576K
Event: 26.723 GC heap after
Heap after GC invocations=11 (full 0):
 PSYoungGen      total 15872K, used 1975K [0x00000000d5580000, 0x00000000d6f00000, 0x0000000100000000)
  eden space 12288K, 0% used [0x00000000d5580000,0x00000000d5580000,0x00000000d6180000)
  from space 3584K, 55% used [0x00000000d6180000,0x00000000d636dfc8,0x00000000d6500000)
  to   space 3072K, 0% used [0x00000000d6c00000,0x00000000d6c00000,0x00000000d6f00000)
 ParOldGen       total 22016K, used 6999K [0x0000000080000000, 0x0000000081580000, 0x00000000d5580000)
  object space 22016K, 31% used [0x0000000080000000,0x00000000806d5da0,0x0000000081580000)
 Metaspace       used 15667K, capacity 16058K, committed 16256K, reserved 1062912K
  class space    used 2261K, capacity 2373K, committed 2432K, reserved 1048576K
}

